<?xml version="1.0" encoding="UTF-8"?>
<testsuite name="com.example.composeproject.ParseIntTest" tests="15" skipped="0" failures="0" errors="0" timestamp="2026-01-12T20:45:51" hostname="Alis-MacBook-Air.local" time="0.015">
  <properties/>
  <testcase name="parseInt with negative string number returns correct value" classname="com.example.composeproject.ParseIntTest" time="0.005"/>
  <testcase name="parseInt with string zero returns 0" classname="com.example.composeproject.ParseIntTest" time="0.0"/>
  <testcase name="parseInt with long number returns integer value" classname="com.example.composeproject.ParseIntTest" time="0.0"/>
  <testcase name="parseInt with double number returns integer part" classname="com.example.composeproject.ParseIntTest" time="0.0"/>
  <testcase name="parseInt with zero returns 0" classname="com.example.composeproject.ParseIntTest" time="0.0"/>
  <testcase name="parseInt with string containing decimal returns 0" classname="com.example.composeproject.ParseIntTest" time="0.001"/>
  <testcase name="parseInt with negative number returns correct value" classname="com.example.composeproject.ParseIntTest" time="0.0"/>
  <testcase name="parseInt with float number returns integer part" classname="com.example.composeproject.ParseIntTest" time="0.0"/>
  <testcase name="parseInt with integer number returns correct value" classname="com.example.composeproject.ParseIntTest" time="0.0"/>
  <testcase name="parseInt with invalid string returns 0" classname="com.example.composeproject.ParseIntTest" time="0.0"/>
  <testcase name="parseInt with empty string returns 0" classname="com.example.composeproject.ParseIntTest" time="0.0"/>
  <testcase name="parseInt with list returns 0" classname="com.example.composeproject.ParseIntTest" time="0.008"/>
  <testcase name="parseInt with boolean returns 0" classname="com.example.composeproject.ParseIntTest" time="0.0"/>
  <testcase name="parseInt with null returns 0" classname="com.example.composeproject.ParseIntTest" time="0.0"/>
  <testcase name="parseInt with valid string number returns parsed value" classname="com.example.composeproject.ParseIntTest" time="0.0"/>
  <system-out><![CDATA[]]></system-out>
  <system-err><![CDATA[]]></system-err>
</testsuite>
